info: cargo-llvm-cov currently setting cfg(coverage); you can opt-out it by passing --no-cfg-coverage
warning: /Users/amrit/Documents/Projects/Rust/mouchak/mcp-agent-mail-rs/Cargo.toml: file `/Users/amrit/Documents/Projects/Rust/mouchak/mcp-agent-mail-rs/benches/concurrent_agents.rs` found to be present in multiple build targets:
  * `bin` target `concurrent-agents-bench`
  * `bench` target `concurrent_agents`
   Compiling proc-macro2 v1.0.103
   Compiling unicode-ident v1.0.22
   Compiling quote v1.0.42
   Compiling libc v0.2.178
   Compiling cfg-if v1.0.4
   Compiling serde_core v1.0.228
   Compiling serde v1.0.228
   Compiling memchr v2.7.6
   Compiling version_check v0.9.5
   Compiling once_cell v1.21.3
   Compiling pin-project-lite v0.2.16
   Compiling allocator-api2 v0.2.21
   Compiling itoa v1.0.15
   Compiling equivalent v1.0.2
   Compiling parking_lot_core v0.9.12
   Compiling scopeguard v1.2.0
   Compiling futures-core v0.3.31
   Compiling lock_api v0.4.14
   Compiling log v0.4.29
   Compiling futures-sink v0.3.31
   Compiling shlex v1.3.0
   Compiling find-msvc-tools v0.1.5
   Compiling futures-channel v0.3.31
   Compiling slab v0.4.11
   Compiling pin-utils v0.1.0
   Compiling futures-task v0.3.31
   Compiling futures-io v0.3.31
   Compiling stable_deref_trait v1.2.1
   Compiling thiserror v2.0.17
   Compiling foldhash v0.2.0
   Compiling typenum v1.19.0
   Compiling generic-array v0.14.7
   Compiling zerocopy v0.8.31
   Compiling ryu v1.0.20
   Compiling hashbrown v0.16.1
   Compiling rustversion v1.0.22
   Compiling either v1.15.0
   Compiling crossbeam-utils v0.8.21
   Compiling serde_json v1.0.145
   Compiling anyhow v1.0.100
   Compiling syn v2.0.111
   Compiling jobserver v0.1.34
   Compiling signal-hook-registry v1.4.7
   Compiling mio v1.1.1
   Compiling cc v1.2.49
   Compiling socket2 v0.6.1
   Compiling fnv v1.0.7
   Compiling subtle v2.6.1
   Compiling bitflags v2.10.0
   Compiling indexmap v2.12.1
   Compiling semver v1.0.27
   Compiling aho-corasick v1.1.4
   Compiling regex-syntax v0.8.8
   Compiling tracing-core v0.1.36
   Compiling autocfg v1.5.0
   Compiling num_cpus v1.17.0
   Compiling crypto-common v0.1.7
   Compiling block-buffer v0.10.4
   Compiling libm v0.2.15
   Compiling rustc-hash v2.1.1
   Compiling cpufeatures v0.2.17
   Compiling percent-encoding v2.3.2
   Compiling getrandom v0.2.16
   Compiling ahash v0.8.12
   Compiling rustc_version v0.4.1
   Compiling const-oid v0.9.6
   Compiling smallvec v1.15.1
   Compiling thiserror v1.0.69
   Compiling litemap v0.8.1
   Compiling writeable v0.6.2
   Compiling icu_normalizer_data v2.1.1
   Compiling num-traits v0.2.19
   Compiling proc-macro-error-attr2 v2.0.0
   Compiling errno v0.3.14
   Compiling icu_properties_data v2.1.2
   Compiling base64 v0.22.1
   Compiling tower-service v0.3.3
   Compiling getrandom v0.3.4
   Compiling core-foundation-sys v0.8.7
   Compiling digest v0.10.7
   Compiling pkg-config v0.3.32
   Compiling same-file v1.0.6
   Compiling strsim v0.11.1
   Compiling walkdir v2.5.0
   Compiling regex-automata v0.4.13
   Compiling paste v1.0.15
   Compiling utf8_iter v1.0.4
   Compiling httparse v1.10.1
   Compiling itertools v0.14.0
   Compiling crc32fast v1.5.0
   Compiling cmake v0.1.55
   Compiling form_urlencoded v1.2.2
   Compiling httpdate v1.0.3
   Compiling synstructure v0.13.2
   Compiling proc-macro-error2 v2.0.1
   Compiling try-lock v0.2.5
   Compiling want v0.3.1
   Compiling prettyplease v0.2.37
   Compiling tower-layer v0.3.3
   Compiling ring v0.17.14
   Compiling core-foundation v0.9.4
   Compiling mime v0.3.17
   Compiling heck v0.5.0
   Compiling rand_core v0.6.4
   Compiling spin v0.9.8
   Compiling minimal-lexical v0.2.1
   Compiling untrusted v0.9.0
   Compiling lazy_static v1.5.0
   Compiling rustix v1.1.2
   Compiling security-framework-sys v2.15.0
   Compiling adler2 v2.0.1
   Compiling sha2 v0.10.9
   Compiling rustc-hash v1.1.0
   Compiling num-integer v0.1.46
   Compiling crossbeam-epoch v0.9.18
   Compiling parking_lot v0.12.5
   Compiling block-padding v0.3.3
   Compiling simd-adler32 v0.3.8
   Compiling uuid v1.19.0
   Compiling inout v0.1.4
   Compiling rayon-core v1.13.0
   Compiling glob v0.3.3
   Compiling crossbeam-deque v0.8.6
   Compiling num-bigint v0.4.6
   Compiling security-framework v2.11.1
   Compiling uncased v0.9.10
   Compiling rustix v0.38.44
   Compiling vcpkg v0.2.15
   Compiling home v0.5.12
   Compiling fastrand v2.3.0
   Compiling clang-sys v1.8.1
   Compiling type-map v0.5.1
   Compiling serde_derive v1.0.228
   Compiling futures-macro v0.3.31
   Compiling thiserror-impl v2.0.17
   Compiling zerofrom-derive v0.1.6
   Compiling zerocopy-derive v0.8.31
   Compiling yoke-derive v0.8.1
   Compiling futures-util v0.3.31
   Compiling zerovec-derive v0.11.2
   Compiling displaydoc v0.2.5
   Compiling zeroize_derive v1.4.2
   Compiling zerofrom v0.1.6
   Compiling tokio-macros v2.6.0
   Compiling tracing-attributes v0.1.31
   Compiling zeroize v1.8.2
   Compiling yoke v0.8.1
   Compiling async-trait v0.1.89
   Compiling thiserror-impl v1.0.69
   Compiling pin-project-internal v1.1.10
   Compiling rustls-pki-types v1.13.1
   Compiling regex v1.12.2
   Compiling zerovec v0.11.5
   Compiling zerotrie v0.2.3
   Compiling tracing v0.1.44
   Compiling cipher v0.4.4
   Compiling webpki-roots v1.0.4
   Compiling pin-project v1.1.10
   Compiling tempfile v3.23.0
   Compiling equator-macro v0.4.2
   Compiling futures-executor v0.3.31
   Compiling futures v0.3.31
   Compiling ppv-lite86 v0.2.21
   Compiling miniz_oxide v0.8.9
   Compiling tinystr v0.8.2
   Compiling potential_utf v0.1.4
   Compiling equator v0.4.2
   Compiling hashbrown v0.14.5
   Compiling icu_locale_core v2.1.1
   Compiling icu_collections v2.1.1
   Compiling rand_chacha v0.3.1
   Compiling rand v0.8.5
   Compiling nom v7.1.3
   Compiling indexmap v1.9.3
   Compiling bytes v1.11.0
   Compiling unic-langid-impl v0.9.6
   Compiling libloading v0.8.9
   Compiling zlib-rs v0.5.4
   Compiling bindgen v0.66.1
   Compiling self_cell v1.2.1
   Compiling unic-langid v0.9.6
   Compiling siphasher v1.0.1
   Compiling self_cell v0.10.3
   Compiling icu_provider v2.1.1
   Compiling which v4.4.2
   Compiling icu_properties v2.1.2
   Compiling icu_normalizer v2.1.1
   Compiling num-rational v0.4.2
   Compiling aligned-vec v0.6.4
   Compiling tokio v1.48.0
   Compiling http v0.2.12
   Compiling fluent-syntax v0.11.1
   Compiling rayon v1.11.0
   Compiling rust-embed-utils v8.9.0
   Compiling sha1 v0.10.6
   Compiling iana-time-zone v0.1.64
   Compiling socket2 v0.5.10
   Compiling hashbrown v0.12.3
   Compiling bitflags v1.3.2
   Compiling arrayvec v0.7.6
   Compiling peeking_take_while v0.1.2
   Compiling lazycell v1.3.0
   Compiling cexpr v0.6.0
   Compiling http-body v0.4.6
   Compiling rust-embed-impl v8.9.0
   Compiling idna_adapter v1.2.1
   Compiling idna v1.1.0
   Compiling chrono v0.4.42
   Compiling url v2.5.7
   Compiling v_frame v0.3.9
   Compiling openssl-sys v0.9.111
   Compiling libz-sys v1.1.23
   Compiling axum-core v0.3.4
   Compiling itertools v0.12.1
   Compiling as-slice v0.2.1
   Compiling built v0.8.0
   Compiling matchit v0.7.3
   Compiling byteorder v1.5.0
   Compiling av-scenechange v0.14.1
   Compiling base64 v0.21.7
   Compiling rav1e v0.8.1
   Compiling aligned v0.4.2
   Compiling phf_shared v0.11.3
   Compiling toml v0.5.11
   Compiling basic-toml v0.1.10
   Compiling arg_enum_proc_macro v0.3.4
   Compiling profiling-procmacros v1.0.17
   Compiling prost-derive v0.12.6
   Compiling hmac v0.12.1
   Compiling axum v0.6.20
   Compiling nom v8.0.0
   Compiling core2 v0.4.0
   Compiling y4m v0.8.0
   Compiling quick-error v2.0.1
   Compiling pastey v0.1.1
   Compiling weezl v0.1.12
   Compiling libz-rs-sys v0.5.4
   Compiling flate2 v1.1.5
   Compiling find-crate v0.6.3
   Compiling i18n-config v0.4.8
   Compiling bitstream-io v4.9.0
   Compiling profiling v1.0.17
   Compiling phf_generator v0.11.3
   Compiling maybe-rayon v0.1.1
   Compiling prost v0.12.6
   Compiling intl_pluralrules v7.0.2
   Compiling fluent-langneg v0.13.1
   Compiling intl-memoizer v0.5.3
   Compiling half v2.7.1
   Compiling num-derive v0.4.2
   Compiling tokio-util v0.7.17
   Compiling tokio-stream v0.1.17
   Compiling tokio-io-timeout v1.2.1
   Compiling async-stream-impl v0.3.6
   Compiling fax_derive v0.2.0
   Compiling fdeflate v0.3.7
   Compiling libssh2-sys v0.3.1
   Compiling curve25519-dalek v4.1.3
   Compiling simd_helpers v0.1.0
   Compiling rustls v0.22.4
   Compiling new_debug_unreachable v1.0.6
   Compiling noop_proc_macro v0.3.0
   Compiling sync_wrapper v0.1.2
   Compiling zune-core v0.4.12
   Compiling color_quant v1.1.0
   Compiling imgref v1.12.0
   Compiling h2 v0.3.27
   Compiling tower v0.4.13
   Compiling zune-jpeg v0.4.21
   Compiling loop9 v0.1.5
   Compiling async-stream v0.3.6
   Compiling fax v0.2.6
   Compiling i18n-embed-impl v0.8.4
   Compiling fluent-bundle v0.15.3
   Compiling phf_codegen v0.11.3
   Compiling av1-grain v0.2.5
   Compiling avif-serialize v0.8.6
   Compiling http v1.4.0
   Compiling hashlink v0.8.4
   Compiling rustls-webpki v0.102.8
   Compiling zerocopy-derive v0.7.35
   Compiling zune-inflate v0.2.54
   Compiling pxfm v0.1.27
   Compiling universal-hash v0.5.1
   Compiling fallible-streaming-iterator v0.1.9
   Compiling byteorder-lite v0.1.0
   Compiling bit_field v0.10.3
   Compiling fallible-iterator v0.2.0
   Compiling zune-core v0.5.0
   Compiling libsql-ffi v0.9.29
   Compiling opaque-debug v0.3.1
   Compiling bytemuck v1.24.0
   Compiling arc-swap v1.7.1
   Compiling lebe v0.5.3
   Compiling rgb v0.8.52
   Compiling exr v1.74.0
   Compiling qoi v0.4.1
   Compiling poly1305 v0.8.0
   Compiling zune-jpeg v0.5.6
   Compiling zerocopy v0.7.35
   Compiling image-webp v0.2.4
   Compiling rust-embed v8.9.0
   Compiling tiff v0.10.3
   Compiling fluent v0.16.1
   Compiling libsql-sqlite3-parser v0.13.0
   Compiling hyper v0.14.32
   Compiling gif v0.14.1
   Compiling moxcms v0.7.10
   Compiling png v0.18.0
   Compiling pbkdf2 v0.12.2
   Compiling aes v0.8.4
   Compiling chacha20 v0.9.1
   Compiling rustls-pemfile v2.2.0
   Compiling signature v2.2.0
   Compiling libgit2-sys v0.18.3+1.9.2
   Compiling aead v0.5.2
   Compiling http-range-header v0.3.1
   Compiling tower-http v0.4.4
   Compiling chacha20poly1305 v0.10.1
   Compiling rustls-native-certs v0.7.3
   Compiling tokio-rustls v0.25.0
   Compiling phf v0.11.3
   Compiling i18n-embed v0.15.4
   Compiling hkdf v0.12.4
   Compiling cookie-factory v0.3.3
   Compiling utoipa-gen v5.4.0
   Compiling webpki-roots v0.26.11
   Compiling salsa20 v0.10.2
   Compiling cbc v0.1.2
   Compiling secrecy v0.10.3
   Compiling io_tee v0.1.1
   Compiling unicode-segmentation v1.12.0
   Compiling fallible-iterator v0.3.0
   Compiling age-core v0.11.0
   Compiling i18n-embed-fl v0.9.4
   Compiling scrypt v0.11.0
   Compiling ed25519 v2.2.3
   Compiling ravif v0.12.0
   Compiling x25519-dalek v2.0.1
   Compiling libsql-hrana v0.9.29
   Compiling hyper-timeout v0.4.1
   Compiling libsql-rusqlite v0.9.29
   Compiling hyper-rustls v0.25.0
   Compiling bincode v1.3.3
   Compiling derive_more-impl v2.1.0
   Compiling csv-core v0.1.13
   Compiling deunicode v1.6.2
   Compiling image v0.25.9
   Compiling libsql-sys v0.9.29
   Compiling wsl v0.1.0
   Compiling bech32 v0.9.1
   Compiling age v0.11.2
   Compiling slug v0.1.6
   Compiling csv v1.4.0
   Compiling ed25519-dalek v2.2.0
   Compiling derive_more v2.1.0
   Compiling strum_macros v0.27.2
   Compiling hostname v0.4.2
   Compiling lru v0.16.2
   Compiling hex v0.4.3
   Compiling foldhash v0.1.5
   Compiling hashbrown v0.15.5
   Compiling ident_case v1.0.1
   Compiling http-body v1.0.1
   Compiling winnow v0.7.14
   Compiling encoding_rs v0.8.35
   Compiling bumpalo v3.19.0
   Compiling http-body-util v0.1.3
   Compiling system-configuration-sys v0.6.0
   Compiling atomic-waker v1.1.2
   Compiling crunchy v0.2.4
   Compiling h2 v0.4.12
   Compiling sync_wrapper v1.0.2
   Compiling tiny-keccak v2.0.2
   Compiling system-configuration v0.6.1
   Compiling ipnet v2.11.0
   Compiling tonic v0.11.0
   Compiling convert_case v0.6.0
   Compiling rand_core v0.9.3
   Compiling ucd-trie v0.1.7
   Compiling typeid v1.0.3
   Compiling const-random-macro v0.1.16
   Compiling pest v2.8.4
   Compiling utoipa v5.4.0
   Compiling tower v0.5.2
   Compiling const-random v0.1.18
   Compiling rand_chacha v0.9.0
   Compiling tracing-serde v0.2.0
   Compiling matchers v0.2.0
   Compiling sharded-slab v0.1.7
   Compiling tracing-log v0.2.0
   Compiling thread_local v1.1.9
   Compiling tonic-web v0.11.0
   Compiling libsql_replication v0.9.29
   Compiling pest_meta v2.8.4
   Compiling erased-serde v0.4.9
   Compiling nu-ansi-term v0.50.3
   Compiling wasm-bindgen-shared v0.2.106
   Compiling tracing-subscriber v0.3.22
   Compiling rand v0.9.2
   Compiling pest_generator v2.8.4
   Compiling hyper v1.8.1
   Compiling dlv-list v0.5.2
   Compiling ordered-multimap v0.7.3
   Compiling pest_derive v2.8.4
   Compiling toml_parser v1.0.4
   Compiling libsql v0.9.29
   Compiling hyper-util v0.1.19
   Compiling hashlink v0.10.0
   Compiling serde_urlencoded v0.7.1
   Compiling serde_spanned v1.0.3
   Compiling toml_datetime v0.7.3
   Compiling sdd v3.0.10
   Compiling arraydeque v0.5.1
   Compiling scc v2.4.0
   Compiling yaml-rust2 v0.10.4
   Compiling toml v0.9.8
   Compiling serde-untagged v0.1.9
   Compiling json5 v0.4.1
   Compiling rust-ini v0.21.3
   Compiling ron v0.12.0
   Compiling serial_test_derive v3.2.0
   Compiling pathdiff v0.2.3
   Compiling iri-string v0.7.9
   Compiling wasm-bindgen-macro-support v0.2.106
   Compiling temp-env v0.3.6
   Compiling wasm-bindgen v0.2.106
   Compiling serial_test v3.2.0
   Compiling time-core v0.1.6
   Compiling num-conv v0.1.0
   Compiling dyn-clone v1.0.20
   Compiling powerfmt v0.2.0
   Compiling unicode-xid v0.2.6
   Compiling time-macros v0.2.24
   Compiling dunce v1.0.5
   Compiling fs_extra v1.3.0
   Compiling deranged v0.5.5
   Compiling config v0.15.19
   Compiling aws-lc-rs v1.15.1
   Compiling aws-lc-sys v0.34.0
   Compiling ref-cast v1.0.25
   Compiling darling_core v0.23.0
   Compiling ref-cast-impl v1.0.25
   Compiling tower-http v0.6.8
   Compiling serde_derive_internals v0.29.1
   Compiling time v0.3.44
   Compiling serde_path_to_error v0.1.20
   Compiling rustls v0.23.35
   Compiling core-foundation v0.10.1
   Compiling crossbeam-channel v0.5.15
   Compiling schemars_derive v1.1.0
   Compiling native-tls v0.2.14
   Compiling security-framework v3.5.1
   Compiling wasm-bindgen-macro v0.2.106
   Compiling axum-core v0.5.5
   Compiling axum-macros v0.5.0
   Compiling matchit v0.8.4
   Compiling pastey v0.2.0
   Compiling tracing-appender v0.2.4
   Compiling sse-stream v0.2.1
   Compiling cranelift-srcgen v0.125.4
   Compiling darling_macro v0.23.0
   Compiling js-sys v0.3.83
   Compiling schemars v1.1.0
   Compiling rustls-native-certs v0.8.2
   Compiling cranelift-assembler-x64-meta v0.125.4
   Compiling darling v0.23.0
   Compiling lib-common v0.1.0 (/Users/amrit/Documents/Projects/Rust/mouchak/mcp-agent-mail-rs/crates/libs/lib-common)
   Compiling tokio-native-tls v0.3.1
   Compiling axum v0.8.7
   Compiling rmcp-macros v0.12.0
   Compiling zstd-sys v2.0.16+zstd.1.5.7
   Compiling concurrent-queue v2.5.0
   Compiling parking v2.2.1
   Compiling event-listener v5.4.1
   Compiling hyper-tls v0.6.0
   Compiling pulley-macros v38.0.4
   Compiling slotmap v1.1.1
   Compiling send_wrapper v0.6.0
   Compiling rmcp v0.12.0
   Compiling anstyle v1.0.13
   Compiling or_poisoned v0.1.0
   Compiling event-listener-strategy v0.5.4
   Compiling const_format_proc_macros v0.2.34
   Compiling cranelift-bitset v0.125.4
   Compiling wasmtime-internal-versioned-export-macros v38.0.4
   Compiling proc-macro2-diagnostics v0.10.1
   Compiling zstd-safe v7.2.4
   Compiling futures-timer v3.0.3
   Compiling cranelift-isle v0.125.4
   Compiling const_format v0.2.35
   Compiling pulley-interpreter v38.0.4
   Compiling async-lock v3.4.1
   Compiling wasm-bindgen-futures v0.4.56
   Compiling web-sys v0.3.83
   Compiling darling_core v0.20.11
   Compiling yansi v1.0.1
   Compiling xxhash-rust v0.8.15
   Compiling target-lexicon v0.13.3
   Compiling guardian v1.3.0
   Compiling cranelift-codegen-shared v0.125.4
   Compiling cranelift-assembler-x64 v0.125.4
   Compiling cranelift-entity v0.125.4
   Compiling cranelift-codegen-meta v0.125.4
   Compiling derive-where v1.6.0
   Compiling gimli v0.32.3
   Compiling utf8-width v0.1.8
   Compiling html-escape v0.2.13
   Compiling darling_macro v0.20.11
   Compiling darling v0.20.11
   Compiling syn_derive v0.2.0
   Compiling wasmtime-internal-math v38.0.4
   Compiling proc-macro-utils v0.10.0
   Compiling arbitrary v1.4.2
   Compiling leb128fmt v0.1.0
   Compiling camino v1.2.1
   Compiling object v0.37.3
   Compiling cranelift-control v0.125.4
   Compiling cranelift-bforest v0.125.4
   Compiling regalloc2 v0.13.3
   Compiling cranelift-codegen v0.125.4
   Compiling convert_case v0.8.0
   Compiling dashmap v6.1.0
   Compiling wasmparser v0.239.0
   Compiling oco_ref v0.2.1
   Compiling cobs v0.3.0
   Compiling either_of v0.1.6
   Compiling wasm-encoder v0.243.0
   Compiling const_str_slice_concat v0.1.0
   Compiling cpp_demangle v0.4.5
   Compiling zip v2.4.2
   Compiling next_tuple v0.1.0
   Compiling drain_filter_polyfill v0.1.3
   Compiling signal-hook v0.3.18
   Compiling linear-map v1.2.0
   Compiling wasm-encoder v0.239.0
   Compiling postcard v1.1.3
   Compiling manyhow-macros v0.11.4
   Compiling quote-use-macros v0.8.4
   Compiling zopfli v0.8.3
   Compiling zstd v0.13.3
   Compiling toml_datetime v0.6.11
   Compiling serde_spanned v0.6.9
   Compiling throw_error v0.3.1
   Compiling throw_error v0.2.0
   Compiling id-arena v2.2.1
   Compiling unicase v2.8.1
   Compiling utf8parse v0.2.2
   Compiling toml_write v0.1.2
   Compiling unicode-width v0.2.0
   Compiling wasmtime-internal-unwinder v38.0.4
   Compiling wasmtime-internal-component-util v38.0.4
   Compiling termcolor v1.4.1
   Compiling toml_edit v0.22.27
   Compiling mime_guess v2.0.5
   Compiling anstyle-parse v0.2.7
   Compiling rstml v0.12.1
   Compiling quote-use v0.8.4
   Compiling manyhow v0.11.4
   Compiling gloo-utils v0.2.0
   Compiling gloo-net v0.6.0
   Compiling wasmtime-internal-jit-debug v38.0.4
   Compiling wasmtime-internal-fiber v38.0.4
   Compiling convert_case v0.7.1
   Compiling chromiumoxide_types v0.8.0
   Compiling server_fn_macro v0.8.8
   Compiling reactive_graph v0.2.11
   Compiling quanta v0.12.6
   Compiling dirs-sys-next v0.1.2
   Compiling is_terminal_polyfill v1.70.2
   Compiling wasm-streams v0.4.2
   Compiling wasmprinter v0.239.0
   Compiling predicates-core v1.0.9
   Compiling colorchoice v1.0.4
   Compiling interpolator v0.5.0
   Compiling data-encoding v2.9.0
   Compiling wit-parser v0.239.0
   Compiling utf-8 v0.7.6
   Compiling collection_literals v1.0.3
   Compiling anstyle-query v1.1.5
   Compiling base64ct v1.8.1
   Compiling rustc-demangle v0.1.26
   Compiling heck v0.4.1
   Compiling portable-atomic v1.11.1
   Compiling wasmtime-internal-cache v38.0.4
   Compiling wasmtime-internal-component-macro v38.0.4
   Compiling instability v0.3.10
   Compiling wasmtime-environ v38.0.4
   Compiling chromiumoxide_pdl v0.8.0
   Compiling pem-rfc7468 v0.7.0
   Compiling anstream v0.6.21
   Compiling attribute-derive-macro v0.10.5
   Compiling tungstenite v0.28.0
   Compiling wasmtime-internal-wit-bindgen v38.0.4
   Compiling directories-next v2.0.0
   Compiling wast v243.0.0
   Compiling utoipa-swagger-ui v8.1.0
   Compiling toml v0.8.23
   Compiling signal-hook-mio v0.2.5
   Compiling hydration_context v0.2.1
   Compiling hydration_context v0.3.0
   Compiling any_spawner v0.2.0
   Compiling any_spawner v0.3.0
   Compiling wasmtime v38.0.4
   Compiling rand_xoshiro v0.7.0
   Compiling axum-core v0.4.5
   Compiling headers-core v0.3.0
   Compiling metrics v0.24.3
   Compiling strum_macros v0.26.4
   Compiling debugid v0.8.0
   Compiling float-cmp v0.10.0
   Compiling castaway v0.2.4
   Compiling itertools v0.13.0
   Compiling instant v0.1.13
   Compiling sketches-ddsketch v0.3.0
   Compiling assert_cmd v2.1.1
   Compiling termtree v0.5.1
   Compiling indoc v2.0.7
   Compiling env_home v0.1.0
   Compiling metrics-exporter-prometheus v0.18.1
   Compiling unicode-width v0.1.14
   Compiling normalize-line-endings v0.3.0
   Compiling difflib v0.4.0
   Compiling static_assertions v1.1.0
   Compiling clap_lex v0.7.6
   Compiling compact_str v0.8.1
   Compiling predicates v3.1.3
   Compiling strum v0.26.3
   Compiling clap_builder v4.5.53
   Compiling axum v0.7.9
   Compiling unicode-truncate v1.1.0
   Compiling which v8.0.0
   Compiling predicates-tree v1.0.12
   Compiling metrics-util v0.20.1
   Compiling notify-types v1.0.1
   Compiling fxprof-processed-profile v0.8.1
   Compiling headers v0.4.1
   Compiling reactive_graph v0.1.8
   Compiling wat v1.243.0
   Compiling crossterm v0.28.1
   Compiling attribute-derive v0.10.5
   Compiling async-tungstenite v0.32.0
   Compiling chromiumoxide_cdp v0.8.0
   Compiling der v0.7.10
   Compiling reactive_stores_macro v0.1.8
   Compiling reactive_stores_macro v0.2.6
   Compiling addr2line v0.25.1
   Compiling server_fn_macro v0.7.8
   Compiling simple_asn1 v0.6.3
   Compiling lru v0.12.5
   Compiling dashmap v5.5.3
   Compiling codee v0.3.5
   Compiling bstr v1.12.1
   Compiling clap_derive v4.5.49
   Compiling pem v3.0.6
   Compiling tachys v0.2.11
   Compiling wasmtime-internal-jit-icache-coherence v38.0.4
   Compiling mach2 v0.4.3
   Compiling wait-timeout v0.2.1
   Compiling fsevent-sys v4.1.0
   Compiling filetime v0.2.26
   Compiling spinning_top v0.3.0
   Compiling nonzero_ext v0.3.0
   Compiling no-std-compat v0.4.1
   Compiling cassowary v0.3.0
   Compiling unsafe-libyaml v0.2.11
   Compiling wasmtime-internal-slab v38.0.4
   Compiling governor v0.6.3
   Compiling notify v7.0.0
   Compiling ratatui v0.29.0
   Compiling jsonwebtoken v9.3.1
   Compiling serde_yaml v0.9.34+deprecated
   Compiling spki v0.7.3
   Compiling reactive_stores v0.3.0
   Compiling reactive_stores v0.1.8
   Compiling clap v4.5.53
   Compiling axum-extra v0.12.2
   Compiling gif v0.13.3
   Compiling png v0.17.16
   Compiling mp4 v0.14.0
   Compiling cranelift-frontend v0.125.4
   Compiling cranelift-native v0.125.4
   Compiling sanitize-filename v0.5.0
   Compiling liblzma-sys v0.4.4
   Compiling server_fn v0.8.8
   Compiling num-bigint-dig v0.8.6
   Compiling erased v0.1.2
   Compiling wasmtime-internal-cranelift v38.0.4
   Compiling tachys v0.1.9
   Compiling pkcs8 v0.10.2
   Compiling server_fn_macro_default v0.7.8
   Compiling server_fn_macro_default v0.8.5
   Compiling darling_core v0.21.3
   Compiling serde_qs v0.15.0
   Compiling serde_qs v0.13.0
   Compiling git2 v0.20.3
   Compiling typed-builder-macro v0.21.2
   Compiling typed-builder-macro v0.20.1
   Compiling num-iter v0.1.45
   Compiling leptos_macro v0.8.12
   Compiling deadpool-runtime v0.1.4
   Compiling base16 v0.2.1
   Compiling const-str v0.6.4
   Compiling typed-builder v0.21.2
   Compiling typed-builder v0.20.1
   Compiling darling_macro v0.21.3
   Compiling wasm_split_macros v0.2.0
   Compiling lib-core v0.1.0 (/Users/amrit/Documents/Projects/Rust/mouchak/mcp-agent-mail-rs/crates/libs/lib-core)
   Compiling deadpool v0.12.3
   Compiling server_fn v0.7.8
   Compiling pkcs1 v0.7.5
   Compiling leptos_hot_reload v0.7.8
   Compiling leptos_hot_reload v0.8.5
   Compiling assert-json-diff v2.0.2
   Compiling typed-builder-macro v0.22.0
   Compiling leptos v0.8.14
   Compiling async-once-cell v0.5.4
   Compiling libbz2-rs-sys v0.2.2
   Compiling typed-builder v0.22.0
   Compiling bzip2 v0.6.1
   Compiling wasm_split_helpers v0.2.0
   Compiling leptos_macro v0.7.9
   Compiling wiremock v0.6.5
   Compiling rsa v0.9.9
   Compiling darling v0.21.3
   Compiling lib-mcp v0.1.0 (/Users/amrit/Documents/Projects/Rust/mouchak/mcp-agent-mail-rs/crates/libs/lib-mcp)
   Compiling leptos_dom v0.7.8
   Compiling leptos_server v0.7.8
   Compiling leptos_config v0.7.8
   Compiling liblzma v0.4.5
   Compiling leptos_config v0.8.8
   Compiling leptos_router v0.8.10
   Compiling constant_time_eq v0.3.1
   Compiling ppmd-rust v1.3.0
   Compiling leptos-use v0.15.10
   Compiling deflate64 v0.1.10
   Compiling zip v4.6.1
   Compiling leptos v0.7.8
   Compiling rmcp-macros v0.11.0
   Compiling default-struct-builder v0.5.1
   Compiling leptos_router_macro v0.8.6
   Compiling gloo-timers v0.3.0
   Compiling leptos_dom v0.8.7
   Compiling leptos_server v0.8.6
   Compiling rmcp v0.11.0
   Compiling console_error_panic_hook v0.1.7
   Compiling tailwind_fuse v0.3.2
   Compiling urlencoding v2.1.3
   Compiling mcp-cli v0.1.0 (/Users/amrit/Documents/Projects/Rust/mouchak/mcp-agent-mail-rs/crates/services/mcp-cli)
   Compiling web-ui-leptos v0.1.0 (/Users/amrit/Documents/Projects/Rust/mouchak/mcp-agent-mail-rs/crates/services/web-ui-leptos)
warning: use of deprecated associated function `assert_cmd::Command::cargo_bin`: incompatible with a custom cargo build-dir, see instead `cargo::cargo_bin_cmd!`
  --> crates/services/mcp-cli/tests/guard_cli_tests.rs:19:28
   |
19 |     let mut cmd = Command::cargo_bin("mcp-cli").unwrap();
   |                            ^^^^^^^^^
   |
   = note: `#[warn(deprecated)]` on by default

warning: unused import: `super::*`
   --> crates/services/web-ui-leptos/src/components/mark_read_button.rs:140:9
    |
140 |     use super::*;
    |         ^^^^^^^^
    |
    = note: `#[warn(unused_imports)]` (part of `#[warn(unused)]`) on by default

warning: unused import: `super::*`
   --> crates/services/web-ui-leptos/src/components/pagination.rs:126:9
    |
126 |     use super::*;
    |         ^^^^^^^^

warning: `mcp-cli` (test "guard_cli_tests") generated 1 warning
warning: `web-ui-leptos` (lib test) generated 2 warnings (run `cargo fix --lib -p web-ui-leptos --tests` to apply 2 suggestions)
   Compiling rustls-webpki v0.103.8
   Compiling mcp-stdio v0.1.0 (/Users/amrit/Documents/Projects/Rust/mouchak/mcp-agent-mail-rs/crates/services/mcp-stdio)
warning: unused variable: `macro_id`
  --> crates/libs/lib-mcp/tests/test_macro_tools.rs:58:9
   |
58 |     let macro_id = MacroDefBmc::create(&ctx, &mm, macro_c).await.unwrap();
   |         ^^^^^^^^ help: if this is intentional, prefix it with an underscore: `_macro_id`
   |
   = note: `#[warn(unused_variables)]` (part of `#[warn(unused)]`) on by default

warning: `lib-mcp` (test "test_macro_tools") generated 1 warning
   Compiling tokio-rustls v0.26.4
   Compiling hyper-rustls v0.27.7
   Compiling reqwest v0.12.26
   Compiling lib-server v0.1.0 (/Users/amrit/Documents/Projects/Rust/mouchak/mcp-agent-mail-rs/crates/libs/lib-server)
   Compiling mcp-agent-mail-benches v0.1.0 (/Users/amrit/Documents/Projects/Rust/mouchak/mcp-agent-mail-rs)
   Compiling chromiumoxide v0.8.0
   Compiling mcp-server v0.1.0 (/Users/amrit/Documents/Projects/Rust/mouchak/mcp-agent-mail-rs/crates/services/mcp-server)
   Compiling mcp-agent-mail v0.1.0 (/Users/amrit/Documents/Projects/Rust/mouchak/mcp-agent-mail-rs/crates/services/mcp-agent-mail)
   Compiling jugar-probar v0.4.0
   Compiling e2e-tests v0.1.0 (/Users/amrit/Documents/Projects/Rust/mouchak/mcp-agent-mail-rs/crates/tests/e2e)
    Finished `test` profile [unoptimized + debuginfo] target(s) in 2m 09s
     Running unittests src/lib.rs (target/llvm-cov-target/debug/deps/e2e_tests-1605aaf53350eee7)

running 0 tests

test result: ok. 0 passed; 0 failed; 0 ignored; 0 measured; 0 filtered out; finished in 0.00s

     Running tests/api.rs (target/llvm-cov-target/debug/deps/api-36f119028d4c0069)

running 9 tests
test test_health_endpoint ... ok
test test_ready_endpoint ... ok
test test_list_projects ... ok
test test_file_reservation_flow ... ok
test test_search_messages ... ok
test test_ensure_project ... FAILED
test test_register_agent ... ok
test test_send_message_flow ... ok
test test_check_inbox ... ok

failures:

---- test_ensure_project stdout ----

thread 'test_ensure_project' (7490777) panicked at crates/tests/e2e/tests/api.rs:138:13:
ensure_project should succeed
note: run with `RUST_BACKTRACE=1` environment variable to display a backtrace


failures:
    test_ensure_project

test result: FAILED. 8 passed; 1 failed; 0 ignored; 0 measured; 0 filtered out; finished in 0.09s

error: test failed, to rerun pass `-p e2e-tests --test api`
error: process didn't exit successfully: `/Users/amrit/.rustup/toolchains/stable-aarch64-apple-darwin/bin/cargo test --tests --manifest-path /Users/amrit/Documents/Projects/Rust/mouchak/mcp-agent-mail-rs/Cargo.toml --target-dir /Users/amrit/Documents/Projects/Rust/mouchak/mcp-agent-mail-rs/target/llvm-cov-target --workspace` (exit status: 101)
